<?xml version="1.0" encoding="UTF-8"?>
<!-- Generated by org.testng.reporters.JUnitXMLReporter -->
<testsuite ignored="0" hostname="Krishnas-MacBook-Pro-3.local" failures="0" tests="3" name="testngTest" time="54.324" errors="0" timestamp="19 Jul 2019 05:12:58 GMT">
  <testcase classname="SalesForceAutomation.com.automation.AutomationScript_Test" name="testCase1" time="16.309"/>
  <testcase classname="SalesForceAutomation.com.automation.AutomationScript_Test" name="testCase3" time="18.291"/>
  <testcase classname="SalesForceAutomation.com.automation.AutomationScript_Test" name="testCase4B" time="19.321"/>
</testsuite> <!-- testngTest -->
