<?xml version="1.0" encoding="UTF-8"?>
<!-- Generated by org.testng.reporters.JUnitXMLReporter -->
<testsuite ignored="0" hostname="Krishnas-MacBook-Pro-3.local" failures="0" tests="2" name="testngTest" time="39.572" errors="0" timestamp="19 Jul 2019 04:39:18 GMT">
  <testcase classname="SalesForceAutomation.com.automation.AutomationScript_Test" name="testCase1" time="19.591"/>
  <testcase classname="SalesForceAutomation.com.automation.AutomationScript_Test" name="testCase3" time="19.567"/>
</testsuite> <!-- testngTest -->
