<?xml version="1.0" encoding="UTF-8"?>
<!-- Generated by org.testng.reporters.JUnitXMLReporter -->
<testsuite ignored="0" hostname="Krishnas-MacBook-Pro-3.local" failures="0" tests="2" name="Default test" time="64.541" errors="0" timestamp="19 Jul 2019 00:50:34 GMT">
  <testcase classname="SalesForceAutomation.com.automation.AutomationScript_Test" name="testCase1" time="31.244"/>
  <testcase classname="SalesForceAutomation.com.automation.AutomationScript_Test" name="testCase3" time="33.25"/>
</testsuite> <!-- Default test -->
