<?xml version="1.0" encoding="UTF-8"?>
<testng-results ignored="0" total="2" passed="2" failed="0" skipped="0">
  <reporter-output>
  </reporter-output>
  <suite started-at="2019-07-19T00:49:29Z" name="Default suite" finished-at="2019-07-19T00:50:34Z" duration-ms="64541">
    <groups>
    </groups>
    <test started-at="2019-07-19T00:49:29Z" name="Default test" finished-at="2019-07-19T00:50:34Z" duration-ms="64541">
      <class name="SalesForceAutomation.com.automation.AutomationScript_Test">
        <test-method signature="testCase1()[pri:1, instance:SalesForceAutomation.com.automation.AutomationScript_Test@4c012563]" started-at="2019-07-19T00:49:29Z" name="testCase1" finished-at="2019-07-19T00:50:00Z" duration-ms="31244" status="PASS">
          <reporter-output>
          </reporter-output>
        </test-method> <!-- testCase1 -->
        <test-method signature="testCase3()[pri:2, instance:SalesForceAutomation.com.automation.AutomationScript_Test@4c012563]" started-at="2019-07-19T00:50:00Z" name="testCase3" finished-at="2019-07-19T00:50:34Z" duration-ms="33250" status="PASS">
          <reporter-output>
          </reporter-output>
        </test-method> <!-- testCase3 -->
      </class> <!-- SalesForceAutomation.com.automation.AutomationScript_Test -->
    </test> <!-- Default test -->
  </suite> <!-- Default suite -->
</testng-results>
