<?xml version="1.0" encoding="UTF-8"?>
<testng-results ignored="0" total="3" passed="3" failed="0" skipped="0">
  <reporter-output>
  </reporter-output>
  <suite started-at="2019-07-19T05:12:04Z" name="sfdcsuite" finished-at="2019-07-19T05:12:58Z" duration-ms="54324">
    <groups>
    </groups>
    <test started-at="2019-07-19T05:12:04Z" name="testngTest" finished-at="2019-07-19T05:12:58Z" duration-ms="54324">
      <class name="SalesForceAutomation.com.automation.AutomationScript_Test">
        <test-method signature="testCase1()[pri:1, instance:SalesForceAutomation.com.automation.AutomationScript_Test@6f53b8a]" started-at="2019-07-19T05:12:04Z" name="testCase1" finished-at="2019-07-19T05:12:20Z" duration-ms="16309" status="PASS">
          <reporter-output>
          </reporter-output>
        </test-method> <!-- testCase1 -->
        <test-method signature="testCase3()[pri:2, instance:SalesForceAutomation.com.automation.AutomationScript_Test@6f53b8a]" started-at="2019-07-19T05:12:20Z" name="testCase3" finished-at="2019-07-19T05:12:38Z" duration-ms="18291" status="PASS">
          <reporter-output>
          </reporter-output>
        </test-method> <!-- testCase3 -->
        <test-method signature="testCase4B()[pri:3, instance:SalesForceAutomation.com.automation.AutomationScript_Test@6f53b8a]" started-at="2019-07-19T05:12:38Z" name="testCase4B" finished-at="2019-07-19T05:12:58Z" duration-ms="19321" status="PASS">
          <reporter-output>
          </reporter-output>
        </test-method> <!-- testCase4B -->
        <test-method is-config="true" signature="logger()[pri:0, instance:SalesForceAutomation.com.automation.AutomationScript_Test@6f53b8a]" started-at="2019-07-19T05:12:58Z" name="logger" finished-at="2019-07-19T05:12:58Z" duration-ms="360" status="PASS">
          <reporter-output>
          </reporter-output>
        </test-method> <!-- logger -->
      </class> <!-- SalesForceAutomation.com.automation.AutomationScript_Test -->
    </test> <!-- testngTest -->
  </suite> <!-- sfdcsuite -->
</testng-results>
