<?xml version="1.0" encoding="UTF-8"?>
<testng-results ignored="0" total="2" passed="2" failed="0" skipped="0">
  <reporter-output>
  </reporter-output>
  <suite started-at="2019-07-19T04:38:38Z" name="sfdcsuite" finished-at="2019-07-19T04:39:18Z" duration-ms="39572">
    <groups>
    </groups>
    <test started-at="2019-07-19T04:38:38Z" name="testngTest" finished-at="2019-07-19T04:39:18Z" duration-ms="39572">
      <class name="SalesForceAutomation.com.automation.AutomationScript_Test">
        <test-method signature="testCase1()[pri:1, instance:SalesForceAutomation.com.automation.AutomationScript_Test@71075444]" started-at="2019-07-19T04:38:38Z" name="testCase1" finished-at="2019-07-19T04:38:58Z" duration-ms="19591" status="PASS">
          <reporter-output>
          </reporter-output>
        </test-method> <!-- testCase1 -->
        <test-method signature="testCase3()[pri:2, instance:SalesForceAutomation.com.automation.AutomationScript_Test@71075444]" started-at="2019-07-19T04:38:58Z" name="testCase3" finished-at="2019-07-19T04:39:18Z" duration-ms="19567" status="PASS">
          <reporter-output>
          </reporter-output>
        </test-method> <!-- testCase3 -->
        <test-method is-config="true" signature="logger()[pri:0, instance:SalesForceAutomation.com.automation.AutomationScript_Test@71075444]" started-at="2019-07-19T04:39:18Z" name="logger" finished-at="2019-07-19T04:39:18Z" duration-ms="342" status="PASS">
          <reporter-output>
          </reporter-output>
        </test-method> <!-- logger -->
      </class> <!-- SalesForceAutomation.com.automation.AutomationScript_Test -->
    </test> <!-- testngTest -->
  </suite> <!-- sfdcsuite -->
</testng-results>
