<?xml version="1.0" encoding="UTF-8"?>
<testsuite xmlns:xsi="http://www.w3.org/2001/XMLSchema-instance" xsi:schemaLocation="https://maven.apache.org/surefire/maven-surefire-plugin/xsd/surefire-test-report.xsd" name="TestSuite" time="40.849" tests="2" errors="0" skipped="0" failures="0">
  <properties>
[...]
</properties>
  <testcase name="testCase1" classname="SalesForceAutomation.com.automation.AutomationScript_Test" time="19.607"/>
  <testcase name="testCase3" classname="SalesForceAutomation.com.automation.AutomationScript_Test" time="19.565"/>
</testsuite>